<?xml version="1.0" encoding="UTF-8"?>
<!-- Generated by org.testng.reporters.JUnitXMLReporter -->
<testsuite hostname="vijay-PC" name="Default test" tests="3" failures="0" timestamp="13 Jul 2021 05:45:51 GMT" time="39.345" errors="0">
  <testcase name="test_getUser" time="34.477" classname="com.bookstore.api.TC_reqres_API"/>
  <testcase name="test_UpdateUserDetails" time="4.185" classname="com.bookstore.api.TC_reqres_API"/>
  <testcase name="test_DeleteUser" time="0.596" classname="com.bookstore.api.TC_reqres_API"/>
</testsuite> <!-- Default test -->
