<?xml version="1.0" encoding="UTF-8"?>
<!-- Generated by org.testng.reporters.JUnitXMLReporter -->
<testsuite hostname="vijay-PC" name="test" tests="3" failures="1" timestamp="13 May 2021 07:15:18 GMT" time="0.032" errors="0">
  <testcase name="test1" time="0.016" classname="Linsteners.Linstenersexample"/>
  <testcase name="test2" time="0.0" classname="Linsteners.Linstenersexample">
    <failure type="java.lang.AssertionError" message="expected [B] but found [A]">
      <![CDATA[java.lang.AssertionError: expected [B] but found [A]
	at Linsteners.Linstenersexample.test2(Linstenersexample.java:23)
... Removed 30 stack frames]]>
    </failure>
  </testcase> <!-- test2 -->
  <testcase name="test3" time="0.0" classname="Linsteners.Linstenersexample">
    <skipped/>
  </testcase> <!-- test3 -->
</testsuite> <!-- test -->
