<?xml version="1.0" encoding="UTF-8"?>
<!-- Generated by org.testng.reporters.JUnitXMLReporter -->
<testsuite hostname="vijay-PC" ignored="0" name="Test" tests="3" failures="0" timestamp="13 Jul 2021 07:12:51 GMT" time="9.459" errors="0">
  <testcase name="test_getUser" time="7.099" classname="com.bookstore.api.TC_reqres_API"/>
  <testcase name="test_UpdateUserDetails" time="1.684" classname="com.bookstore.api.TC_reqres_API"/>
  <testcase name="test_DeleteUser" time="0.604" classname="com.bookstore.api.TC_reqres_API"/>
</testsuite> <!-- Test -->
