<?xml version="1.0" encoding="UTF-8"?>
<testng-results skipped="0" failed="0" ignored="0" total="3" passed="3">
  <reporter-output>
  </reporter-output>
  <suite name="Suite" duration-ms="9459" started-at="2021-07-13T07:12:42Z" finished-at="2021-07-13T07:12:51Z">
    <groups>
    </groups>
    <test name="Test" duration-ms="9459" started-at="2021-07-13T07:12:42Z" finished-at="2021-07-13T07:12:51Z">
      <class name="com.bookstore.api.TC_reqres_API">
        <test-method status="PASS" signature="test_getUser()[pri:3, instance:com.bookstore.api.TC_reqres_API@4e04a765]" name="test_getUser" duration-ms="7099" started-at="2021-07-13T07:12:42Z" finished-at="2021-07-13T07:12:49Z">
          <reporter-output>
          </reporter-output>
        </test-method> <!-- test_getUser -->
        <test-method status="PASS" signature="test_UpdateUserDetails()[pri:4, instance:com.bookstore.api.TC_reqres_API@4e04a765]" name="test_UpdateUserDetails" duration-ms="1684" started-at="2021-07-13T07:12:49Z" finished-at="2021-07-13T07:12:50Z">
          <reporter-output>
          </reporter-output>
        </test-method> <!-- test_UpdateUserDetails -->
        <test-method status="PASS" signature="test_DeleteUser()[pri:5, instance:com.bookstore.api.TC_reqres_API@4e04a765]" name="test_DeleteUser" duration-ms="604" started-at="2021-07-13T07:12:50Z" finished-at="2021-07-13T07:12:51Z">
          <reporter-output>
          </reporter-output>
        </test-method> <!-- test_DeleteUser -->
      </class> <!-- com.bookstore.api.TC_reqres_API -->
    </test> <!-- Test -->
  </suite> <!-- Suite -->
</testng-results>
